Determining if the pthread_create exist failed with the following output:
Change Dir: /home/av2/catkin_ws/build/realsense2_description/CMakeFiles/CMakeTmp

Run Build Command:"/usr/bin/make" "cmTC_95567/fast"
/usr/bin/make -f CMakeFiles/cmTC_95567.dir/build.make CMakeFiles/cmTC_95567.dir/build
make[1]: Entering directory '/home/av2/catkin_ws/build/realsense2_description/CMakeFiles/CMakeTmp'
Building C object CMakeFiles/cmTC_95567.dir/CheckSymbolExists.c.o
/usr/bin/cc    -o CMakeFiles/cmTC_95567.dir/CheckSymbolExists.c.o   -c /home/av2/catkin_ws/build/realsense2_description/CMakeFiles/CMakeTmp/CheckSymbolExists.c
Linking C executable cmTC_95567
/usr/bin/cmake -E cmake_link_script CMakeFiles/cmTC_95567.dir/link.txt --verbose=1
/usr/bin/cc      -rdynamic CMakeFiles/cmTC_95567.dir/CheckSymbolExists.c.o  -o cmTC_95567 
CMakeFiles/cmTC_95567.dir/CheckSymbolExists.c.o: In function `main':
CheckSymbolExists.c:(.text+0x14): undefined reference to `pthread_create'
CheckSymbolExists.c:(.text+0x18): undefined reference to `pthread_create'
collect2: error: ld returned 1 exit status
CMakeFiles/cmTC_95567.dir/build.make:97: recipe for target 'cmTC_95567' failed
make[1]: *** [cmTC_95567] Error 1
make[1]: Leaving directory '/home/av2/catkin_ws/build/realsense2_description/CMakeFiles/CMakeTmp'
Makefile:126: recipe for target 'cmTC_95567/fast' failed
make: *** [cmTC_95567/fast] Error 2

File /home/av2/catkin_ws/build/realsense2_description/CMakeFiles/CMakeTmp/CheckSymbolExists.c:
/* */
#include <pthread.h>

int main(int argc, char** argv)
{
  (void)argv;
#ifndef pthread_create
  return ((int*)(&pthread_create))[argc];
#else
  (void)argc;
  return 0;
#endif
}

Determining if the function pthread_create exists in the pthreads failed with the following output:
Change Dir: /home/av2/catkin_ws/build/realsense2_description/CMakeFiles/CMakeTmp

Run Build Command:"/usr/bin/make" "cmTC_9fc0c/fast"
/usr/bin/make -f CMakeFiles/cmTC_9fc0c.dir/build.make CMakeFiles/cmTC_9fc0c.dir/build
make[1]: Entering directory '/home/av2/catkin_ws/build/realsense2_description/CMakeFiles/CMakeTmp'
Building C object CMakeFiles/cmTC_9fc0c.dir/CheckFunctionExists.c.o
/usr/bin/cc   -DCHECK_FUNCTION_EXISTS=pthread_create   -o CMakeFiles/cmTC_9fc0c.dir/CheckFunctionExists.c.o   -c /usr/share/cmake-3.10/Modules/CheckFunctionExists.c
Linking C executable cmTC_9fc0c
/usr/bin/cmake -E cmake_link_script CMakeFiles/cmTC_9fc0c.dir/link.txt --verbose=1
/usr/bin/cc  -DCHECK_FUNCTION_EXISTS=pthread_create    -rdynamic CMakeFiles/cmTC_9fc0c.dir/CheckFunctionExists.c.o  -o cmTC_9fc0c -lpthreads 
/usr/bin/ld: cannot find -lpthreads
collect2: error: ld returned 1 exit status
CMakeFiles/cmTC_9fc0c.dir/build.make:97: recipe for target 'cmTC_9fc0c' failed
make[1]: *** [cmTC_9fc0c] Error 1
make[1]: Leaving directory '/home/av2/catkin_ws/build/realsense2_description/CMakeFiles/CMakeTmp'
Makefile:126: recipe for target 'cmTC_9fc0c/fast' failed
make: *** [cmTC_9fc0c/fast] Error 2


