Determining if the pthread_create exist failed with the following output:
Change Dir: /home/av2/catkin_ws/build/catkin_tools_prebuild/CMakeFiles/CMakeTmp

Run Build Command:"/usr/bin/make" "cmTC_23228/fast"
/usr/bin/make -f CMakeFiles/cmTC_23228.dir/build.make CMakeFiles/cmTC_23228.dir/build
make[1]: Entering directory '/home/av2/catkin_ws/build/catkin_tools_prebuild/CMakeFiles/CMakeTmp'
Building C object CMakeFiles/cmTC_23228.dir/CheckSymbolExists.c.o
/usr/bin/cc    -o CMakeFiles/cmTC_23228.dir/CheckSymbolExists.c.o   -c /home/av2/catkin_ws/build/catkin_tools_prebuild/CMakeFiles/CMakeTmp/CheckSymbolExists.c
Linking C executable cmTC_23228
/usr/bin/cmake -E cmake_link_script CMakeFiles/cmTC_23228.dir/link.txt --verbose=1
/usr/bin/cc      -rdynamic CMakeFiles/cmTC_23228.dir/CheckSymbolExists.c.o  -o cmTC_23228 
CMakeFiles/cmTC_23228.dir/CheckSymbolExists.c.o: In function `main':
CheckSymbolExists.c:(.text+0x14): undefined reference to `pthread_create'
CheckSymbolExists.c:(.text+0x18): undefined reference to `pthread_create'
collect2: error: ld returned 1 exit status
CMakeFiles/cmTC_23228.dir/build.make:97: recipe for target 'cmTC_23228' failed
make[1]: *** [cmTC_23228] Error 1
make[1]: Leaving directory '/home/av2/catkin_ws/build/catkin_tools_prebuild/CMakeFiles/CMakeTmp'
Makefile:126: recipe for target 'cmTC_23228/fast' failed
make: *** [cmTC_23228/fast] Error 2

File /home/av2/catkin_ws/build/catkin_tools_prebuild/CMakeFiles/CMakeTmp/CheckSymbolExists.c:
/* */
#include <pthread.h>

int main(int argc, char** argv)
{
  (void)argv;
#ifndef pthread_create
  return ((int*)(&pthread_create))[argc];
#else
  (void)argc;
  return 0;
#endif
}

Determining if the function pthread_create exists in the pthreads failed with the following output:
Change Dir: /home/av2/catkin_ws/build/catkin_tools_prebuild/CMakeFiles/CMakeTmp

Run Build Command:"/usr/bin/make" "cmTC_12569/fast"
/usr/bin/make -f CMakeFiles/cmTC_12569.dir/build.make CMakeFiles/cmTC_12569.dir/build
make[1]: Entering directory '/home/av2/catkin_ws/build/catkin_tools_prebuild/CMakeFiles/CMakeTmp'
Building C object CMakeFiles/cmTC_12569.dir/CheckFunctionExists.c.o
/usr/bin/cc   -DCHECK_FUNCTION_EXISTS=pthread_create   -o CMakeFiles/cmTC_12569.dir/CheckFunctionExists.c.o   -c /usr/share/cmake-3.10/Modules/CheckFunctionExists.c
Linking C executable cmTC_12569
/usr/bin/cmake -E cmake_link_script CMakeFiles/cmTC_12569.dir/link.txt --verbose=1
/usr/bin/cc  -DCHECK_FUNCTION_EXISTS=pthread_create    -rdynamic CMakeFiles/cmTC_12569.dir/CheckFunctionExists.c.o  -o cmTC_12569 -lpthreads 
/usr/bin/ld: cannot find -lpthreads
collect2: error: ld returned 1 exit status
CMakeFiles/cmTC_12569.dir/build.make:97: recipe for target 'cmTC_12569' failed
make[1]: *** [cmTC_12569] Error 1
make[1]: Leaving directory '/home/av2/catkin_ws/build/catkin_tools_prebuild/CMakeFiles/CMakeTmp'
Makefile:126: recipe for target 'cmTC_12569/fast' failed
make: *** [cmTC_12569/fast] Error 2


