Determining if the pthread_create exist failed with the following output:
Change Dir: /home/av2/catkin_ws/build/rplidar_ros/CMakeFiles/CMakeTmp

Run Build Command:"/usr/bin/make" "cmTC_d8a5c/fast"
/usr/bin/make -f CMakeFiles/cmTC_d8a5c.dir/build.make CMakeFiles/cmTC_d8a5c.dir/build
make[1]: Entering directory '/home/av2/catkin_ws/build/rplidar_ros/CMakeFiles/CMakeTmp'
Building C object CMakeFiles/cmTC_d8a5c.dir/CheckSymbolExists.c.o
/usr/bin/cc    -o CMakeFiles/cmTC_d8a5c.dir/CheckSymbolExists.c.o   -c /home/av2/catkin_ws/build/rplidar_ros/CMakeFiles/CMakeTmp/CheckSymbolExists.c
Linking C executable cmTC_d8a5c
/usr/bin/cmake -E cmake_link_script CMakeFiles/cmTC_d8a5c.dir/link.txt --verbose=1
/usr/bin/cc      -rdynamic CMakeFiles/cmTC_d8a5c.dir/CheckSymbolExists.c.o  -o cmTC_d8a5c 
CMakeFiles/cmTC_d8a5c.dir/CheckSymbolExists.c.o: In function `main':
CheckSymbolExists.c:(.text+0x14): undefined reference to `pthread_create'
CheckSymbolExists.c:(.text+0x18): undefined reference to `pthread_create'
collect2: error: ld returned 1 exit status
CMakeFiles/cmTC_d8a5c.dir/build.make:97: recipe for target 'cmTC_d8a5c' failed
make[1]: *** [cmTC_d8a5c] Error 1
make[1]: Leaving directory '/home/av2/catkin_ws/build/rplidar_ros/CMakeFiles/CMakeTmp'
Makefile:126: recipe for target 'cmTC_d8a5c/fast' failed
make: *** [cmTC_d8a5c/fast] Error 2

File /home/av2/catkin_ws/build/rplidar_ros/CMakeFiles/CMakeTmp/CheckSymbolExists.c:
/* */
#include <pthread.h>

int main(int argc, char** argv)
{
  (void)argv;
#ifndef pthread_create
  return ((int*)(&pthread_create))[argc];
#else
  (void)argc;
  return 0;
#endif
}

Determining if the function pthread_create exists in the pthreads failed with the following output:
Change Dir: /home/av2/catkin_ws/build/rplidar_ros/CMakeFiles/CMakeTmp

Run Build Command:"/usr/bin/make" "cmTC_28126/fast"
/usr/bin/make -f CMakeFiles/cmTC_28126.dir/build.make CMakeFiles/cmTC_28126.dir/build
make[1]: Entering directory '/home/av2/catkin_ws/build/rplidar_ros/CMakeFiles/CMakeTmp'
Building C object CMakeFiles/cmTC_28126.dir/CheckFunctionExists.c.o
/usr/bin/cc   -DCHECK_FUNCTION_EXISTS=pthread_create   -o CMakeFiles/cmTC_28126.dir/CheckFunctionExists.c.o   -c /usr/share/cmake-3.10/Modules/CheckFunctionExists.c
Linking C executable cmTC_28126
/usr/bin/cmake -E cmake_link_script CMakeFiles/cmTC_28126.dir/link.txt --verbose=1
/usr/bin/cc  -DCHECK_FUNCTION_EXISTS=pthread_create    -rdynamic CMakeFiles/cmTC_28126.dir/CheckFunctionExists.c.o  -o cmTC_28126 -lpthreads 
/usr/bin/ld: cannot find -lpthreads
collect2: error: ld returned 1 exit status
CMakeFiles/cmTC_28126.dir/build.make:97: recipe for target 'cmTC_28126' failed
make[1]: *** [cmTC_28126] Error 1
make[1]: Leaving directory '/home/av2/catkin_ws/build/rplidar_ros/CMakeFiles/CMakeTmp'
Makefile:126: recipe for target 'cmTC_28126/fast' failed
make: *** [cmTC_28126/fast] Error 2


