Determining if the pthread_create exist failed with the following output:
Change Dir: /home/av2/catkin_ws/build/image_geometry/CMakeFiles/CMakeTmp

Run Build Command:"/usr/bin/make" "cmTC_856c8/fast"
/usr/bin/make -f CMakeFiles/cmTC_856c8.dir/build.make CMakeFiles/cmTC_856c8.dir/build
make[1]: Entering directory '/home/av2/catkin_ws/build/image_geometry/CMakeFiles/CMakeTmp'
Building C object CMakeFiles/cmTC_856c8.dir/CheckSymbolExists.c.o
/usr/bin/cc    -o CMakeFiles/cmTC_856c8.dir/CheckSymbolExists.c.o   -c /home/av2/catkin_ws/build/image_geometry/CMakeFiles/CMakeTmp/CheckSymbolExists.c
Linking C executable cmTC_856c8
/usr/bin/cmake -E cmake_link_script CMakeFiles/cmTC_856c8.dir/link.txt --verbose=1
/usr/bin/cc      -rdynamic CMakeFiles/cmTC_856c8.dir/CheckSymbolExists.c.o  -o cmTC_856c8 
CMakeFiles/cmTC_856c8.dir/CheckSymbolExists.c.o: In function `main':
CheckSymbolExists.c:(.text+0x14): undefined reference to `pthread_create'
CheckSymbolExists.c:(.text+0x18): undefined reference to `pthread_create'
collect2: error: ld returned 1 exit status
CMakeFiles/cmTC_856c8.dir/build.make:97: recipe for target 'cmTC_856c8' failed
make[1]: *** [cmTC_856c8] Error 1
make[1]: Leaving directory '/home/av2/catkin_ws/build/image_geometry/CMakeFiles/CMakeTmp'
Makefile:126: recipe for target 'cmTC_856c8/fast' failed
make: *** [cmTC_856c8/fast] Error 2

File /home/av2/catkin_ws/build/image_geometry/CMakeFiles/CMakeTmp/CheckSymbolExists.c:
/* */
#include <pthread.h>

int main(int argc, char** argv)
{
  (void)argv;
#ifndef pthread_create
  return ((int*)(&pthread_create))[argc];
#else
  (void)argc;
  return 0;
#endif
}

Determining if the function pthread_create exists in the pthreads failed with the following output:
Change Dir: /home/av2/catkin_ws/build/image_geometry/CMakeFiles/CMakeTmp

Run Build Command:"/usr/bin/make" "cmTC_ce647/fast"
/usr/bin/make -f CMakeFiles/cmTC_ce647.dir/build.make CMakeFiles/cmTC_ce647.dir/build
make[1]: Entering directory '/home/av2/catkin_ws/build/image_geometry/CMakeFiles/CMakeTmp'
Building C object CMakeFiles/cmTC_ce647.dir/CheckFunctionExists.c.o
/usr/bin/cc   -DCHECK_FUNCTION_EXISTS=pthread_create   -o CMakeFiles/cmTC_ce647.dir/CheckFunctionExists.c.o   -c /usr/share/cmake-3.10/Modules/CheckFunctionExists.c
Linking C executable cmTC_ce647
/usr/bin/cmake -E cmake_link_script CMakeFiles/cmTC_ce647.dir/link.txt --verbose=1
/usr/bin/cc  -DCHECK_FUNCTION_EXISTS=pthread_create    -rdynamic CMakeFiles/cmTC_ce647.dir/CheckFunctionExists.c.o  -o cmTC_ce647 -lpthreads 
/usr/bin/ld: cannot find -lpthreads
collect2: error: ld returned 1 exit status
CMakeFiles/cmTC_ce647.dir/build.make:97: recipe for target 'cmTC_ce647' failed
make[1]: *** [cmTC_ce647] Error 1
make[1]: Leaving directory '/home/av2/catkin_ws/build/image_geometry/CMakeFiles/CMakeTmp'
Makefile:126: recipe for target 'cmTC_ce647/fast' failed
make: *** [cmTC_ce647/fast] Error 2


