make: Warning: File 'Makefile' has modification time 70947826 s in the future
make[1]: Warning: File 'CMakeFiles/Makefile2' has modification time 70947826 s in the future
make[2]: Warning: File 'CMakeFiles/ddynamic_reconfigure.dir/flags.make' has modification time 70947826 s in the future
make[2]: warning:  Clock skew detected.  Your build may be incomplete.
make[2]: Warning: File 'CMakeFiles/ddynamic_reconfigure.dir/flags.make' has modification time 70947826 s in the future
make[2]: warning:  Clock skew detected.  Your build may be incomplete.
make[2]: Warning: File 'CMakeFiles/ddynamic_reconfigure_auto_update_test.dir/flags.make' has modification time 70947826 s in the future
make[2]: warning:  Clock skew detected.  Your build may be incomplete.
make[2]: Warning: File 'CMakeFiles/ddynamic_reconfigure_auto_update_test.dir/flags.make' has modification time 70947826 s in the future
make[2]: warning:  Clock skew detected.  Your build may be incomplete.
make[2]: Warning: File 'CMakeFiles/fake_dynamic_reconfigure_server.dir/flags.make' has modification time 70947826 s in the future
make[2]: warning:  Clock skew detected.  Your build may be incomplete.
make[2]: Warning: File 'CMakeFiles/fake_dynamic_reconfigure_server.dir/flags.make' has modification time 70947826 s in the future
make[2]: warning:  Clock skew detected.  Your build may be incomplete.
make[2]: Warning: File 'CMakeFiles/test_bool_dynamic_reconfigure_server.dir/flags.make' has modification time 70947826 s in the future
make[2]: warning:  Clock skew detected.  Your build may be incomplete.
make[2]: Warning: File 'CMakeFiles/test_bool_dynamic_reconfigure_server.dir/flags.make' has modification time 70947826 s in the future
make[2]: warning:  Clock skew detected.  Your build may be incomplete.
make[1]: warning:  Clock skew detected.  Your build may be incomplete.
make: warning:  Clock skew detected.  Your build may be incomplete.
