make[2]: *** No rule to make target '/home/av2/catkin_ws/src/orb_slam3_ros/orb_slam3/Thirdparty/g2o/lib/libg2o.so', needed by '/home/av2/catkin_ws/src/orb_slam3_ros/orb_slam3/lib/liborb_slam3_ros.so'.  Stop.
make[1]: *** [CMakeFiles/orb_slam3_ros.dir/all] Error 2
make[1]: *** Waiting for unfinished jobs....
In file included from [01m[K/home/av2/catkin_ws/src/orb_slam3_ros/orb_slam3/Thirdparty/g2o/g2o/types/types_six_dof_expmap.h:37:0[m[K,
                 from [01m[K/home/av2/catkin_ws/src/orb_slam3_ros/orb_slam3/Thirdparty/g2o/g2o/types/types_six_dof_expmap.cpp:27[m[K:
[01m[K/home/av2/catkin_ws/src/orb_slam3_ros/orb_slam3/Thirdparty/g2o/g2o/types/../core/base_vertex.h:62:74:[m[K [01;35m[Kwarning: [m[K‘[01m[KEigen::AlignedBit[m[K’ is deprecated [[01;35m[K-Wdeprecated-declarations[m[K]
     typedef Eigen::Map<Matrix<double, D, D>, Matrix<double,D,D>::Flags & [01;35m[KAlignedBit[m[K ? Aligned : Unaligned >  HessianBlockType;
                                                                          [01;35m[K^~~~~~~~~~[m[K
In file included from [01m[K/usr/include/eigen3/Eigen/Core:344:0[m[K,
                 from [01m[K/home/av2/catkin_ws/src/orb_slam3_ros/orb_slam3/Thirdparty/g2o/g2o/types/../core/jacobian_workspace.h:30[m[K,
                 from [01m[K/home/av2/catkin_ws/src/orb_slam3_ros/orb_slam3/Thirdparty/g2o/g2o/types/../core/optimizable_graph.h:41[m[K,
                 from [01m[K/home/av2/catkin_ws/src/orb_slam3_ros/orb_slam3/Thirdparty/g2o/g2o/types/../core/base_vertex.h:30[m[K,
                 from [01m[K/home/av2/catkin_ws/src/orb_slam3_ros/orb_slam3/Thirdparty/g2o/g2o/types/types_six_dof_expmap.h:37[m[K,
                 from [01m[K/home/av2/catkin_ws/src/orb_slam3_ros/orb_slam3/Thirdparty/g2o/g2o/types/types_six_dof_expmap.cpp:27[m[K:
[01m[K/usr/include/eigen3/Eigen/src/Core/util/Constants.h:162:37:[m[K [01;36m[Knote: [m[Kdeclared here
 EIGEN_DEPRECATED const unsigned int [01;36m[KAlignedBit[m[K = 0x80;
                                     [01;36m[K^~~~~~~~~~[m[K
In file included from [01m[K/home/av2/catkin_ws/src/orb_slam3_ros/orb_slam3/Thirdparty/g2o/g2o/types/types_six_dof_expmap.h:38:0[m[K,
                 from [01m[K/home/av2/catkin_ws/src/orb_slam3_ros/orb_slam3/Thirdparty/g2o/g2o/types/types_six_dof_expmap.cpp:27[m[K:
[01m[K/home/av2/catkin_ws/src/orb_slam3_ros/orb_slam3/Thirdparty/g2o/g2o/types/../core/base_binary_edge.h:59:82:[m[K [01;35m[Kwarning: [m[K‘[01m[KEigen::AlignedBit[m[K’ is deprecated [[01;35m[K-Wdeprecated-declarations[m[K]
       typedef Eigen::Map<Matrix<double, Di, Dj>, Matrix<double, Di, Dj>::Flags & [01;35m[KAlignedBit[m[K ? Aligned : Unaligned > HessianBlockType;
                                                                                  [01;35m[K^~~~~~~~~~[m[K
In file included from [01m[K/usr/include/eigen3/Eigen/Core:344:0[m[K,
                 from [01m[K/home/av2/catkin_ws/src/orb_slam3_ros/orb_slam3/Thirdparty/g2o/g2o/types/../core/jacobian_workspace.h:30[m[K,
                 from [01m[K/home/av2/catkin_ws/src/orb_slam3_ros/orb_slam3/Thirdparty/g2o/g2o/types/../core/optimizable_graph.h:41[m[K,
                 from [01m[K/home/av2/catkin_ws/src/orb_slam3_ros/orb_slam3/Thirdparty/g2o/g2o/types/../core/base_vertex.h:30[m[K,
                 from [01m[K/home/av2/catkin_ws/src/orb_slam3_ros/orb_slam3/Thirdparty/g2o/g2o/types/types_six_dof_expmap.h:37[m[K,
                 from [01m[K/home/av2/catkin_ws/src/orb_slam3_ros/orb_slam3/Thirdparty/g2o/g2o/types/types_six_dof_expmap.cpp:27[m[K:
[01m[K/usr/include/eigen3/Eigen/src/Core/util/Constants.h:162:37:[m[K [01;36m[Knote: [m[Kdeclared here
 EIGEN_DEPRECATED const unsigned int [01;36m[KAlignedBit[m[K = 0x80;
                                     [01;36m[K^~~~~~~~~~[m[K
In file included from [01m[K/home/av2/catkin_ws/src/orb_slam3_ros/orb_slam3/Thirdparty/g2o/g2o/types/types_six_dof_expmap.h:38:0[m[K,
                 from [01m[K/home/av2/catkin_ws/src/orb_slam3_ros/orb_slam3/Thirdparty/g2o/g2o/types/types_six_dof_expmap.cpp:27[m[K:
[01m[K/home/av2/catkin_ws/src/orb_slam3_ros/orb_slam3/Thirdparty/g2o/g2o/types/../core/base_binary_edge.h:60:82:[m[K [01;35m[Kwarning: [m[K‘[01m[KEigen::AlignedBit[m[K’ is deprecated [[01;35m[K-Wdeprecated-declarations[m[K]
       typedef Eigen::Map<Matrix<double, Dj, Di>, Matrix<double, Dj, Di>::Flags & [01;35m[KAlignedBit[m[K ? Aligned : Unaligned > HessianBlockTransposedType;
                                                                                  [01;35m[K^~~~~~~~~~[m[K
In file included from [01m[K/usr/include/eigen3/Eigen/Core:344:0[m[K,
                 from [01m[K/home/av2/catkin_ws/src/orb_slam3_ros/orb_slam3/Thirdparty/g2o/g2o/types/../core/jacobian_workspace.h:30[m[K,
                 from [01m[K/home/av2/catkin_ws/src/orb_slam3_ros/orb_slam3/Thirdparty/g2o/g2o/types/../core/optimizable_graph.h:41[m[K,
                 from [01m[K/home/av2/catkin_ws/src/orb_slam3_ros/orb_slam3/Thirdparty/g2o/g2o/types/../core/base_vertex.h:30[m[K,
                 from [01m[K/home/av2/catkin_ws/src/orb_slam3_ros/orb_slam3/Thirdparty/g2o/g2o/types/types_six_dof_expmap.h:37[m[K,
                 from [01m[K/home/av2/catkin_ws/src/orb_slam3_ros/orb_slam3/Thirdparty/g2o/g2o/types/types_six_dof_expmap.cpp:27[m[K:
[01m[K/usr/include/eigen3/Eigen/src/Core/util/Constants.h:162:37:[m[K [01;36m[Knote: [m[Kdeclared here
 EIGEN_DEPRECATED const unsigned int [01;36m[KAlignedBit[m[K = 0x80;
                                     [01;36m[K^~~~~~~~~~[m[K
In file included from [01m[K/home/av2/catkin_ws/src/orb_slam3_ros/orb_slam3/Thirdparty/g2o/g2o/types/types_seven_dof_expmap.h:34:0[m[K,
                 from [01m[K/home/av2/catkin_ws/src/orb_slam3_ros/orb_slam3/Thirdparty/g2o/g2o/types/types_seven_dof_expmap.cpp:27[m[K:
[01m[K/home/av2/catkin_ws/src/orb_slam3_ros/orb_slam3/Thirdparty/g2o/g2o/types/../core/base_vertex.h:62:74:[m[K [01;35m[Kwarning: [m[K‘[01m[KEigen::AlignedBit[m[K’ is deprecated [[01;35m[K-Wdeprecated-declarations[m[K]
     typedef Eigen::Map<Matrix<double, D, D>, Matrix<double,D,D>::Flags & [01;35m[KAlignedBit[m[K ? Aligned : Unaligned >  HessianBlockType;
                                                                          [01;35m[K^~~~~~~~~~[m[K
In file included from [01m[K/usr/include/eigen3/Eigen/Core:344:0[m[K,
                 from [01m[K/home/av2/catkin_ws/src/orb_slam3_ros/orb_slam3/Thirdparty/g2o/g2o/types/../core/jacobian_workspace.h:30[m[K,
                 from [01m[K/home/av2/catkin_ws/src/orb_slam3_ros/orb_slam3/Thirdparty/g2o/g2o/types/../core/optimizable_graph.h:41[m[K,
                 from [01m[K/home/av2/catkin_ws/src/orb_slam3_ros/orb_slam3/Thirdparty/g2o/g2o/types/../core/base_vertex.h:30[m[K,
                 from [01m[K/home/av2/catkin_ws/src/orb_slam3_ros/orb_slam3/Thirdparty/g2o/g2o/types/types_seven_dof_expmap.h:34[m[K,
                 from [01m[K/home/av2/catkin_ws/src/orb_slam3_ros/orb_slam3/Thirdparty/g2o/g2o/types/types_seven_dof_expmap.cpp:27[m[K:
[01m[K/usr/include/eigen3/Eigen/src/Core/util/Constants.h:162:37:[m[K [01;36m[Knote: [m[Kdeclared here
 EIGEN_DEPRECATED const unsigned int [01;36m[KAlignedBit[m[K = 0x80;
                                     [01;36m[K^~~~~~~~~~[m[K
In file included from [01m[K/home/av2/catkin_ws/src/orb_slam3_ros/orb_slam3/Thirdparty/g2o/g2o/types/types_seven_dof_expmap.h:35:0[m[K,
                 from [01m[K/home/av2/catkin_ws/src/orb_slam3_ros/orb_slam3/Thirdparty/g2o/g2o/types/types_seven_dof_expmap.cpp:27[m[K:
[01m[K/home/av2/catkin_ws/src/orb_slam3_ros/orb_slam3/Thirdparty/g2o/g2o/types/../core/base_binary_edge.h:59:82:[m[K [01;35m[Kwarning: [m[K‘[01m[KEigen::AlignedBit[m[K’ is deprecated [[01;35m[K-Wdeprecated-declarations[m[K]
       typedef Eigen::Map<Matrix<double, Di, Dj>, Matrix<double, Di, Dj>::Flags & [01;35m[KAlignedBit[m[K ? Aligned : Unaligned > HessianBlockType;
                                                                                  [01;35m[K^~~~~~~~~~[m[K
In file included from [01m[K/usr/include/eigen3/Eigen/Core:344:0[m[K,
                 from [01m[K/home/av2/catkin_ws/src/orb_slam3_ros/orb_slam3/Thirdparty/g2o/g2o/types/../core/jacobian_workspace.h:30[m[K,
                 from [01m[K/home/av2/catkin_ws/src/orb_slam3_ros/orb_slam3/Thirdparty/g2o/g2o/types/../core/optimizable_graph.h:41[m[K,
                 from [01m[K/home/av2/catkin_ws/src/orb_slam3_ros/orb_slam3/Thirdparty/g2o/g2o/types/../core/base_vertex.h:30[m[K,
                 from [01m[K/home/av2/catkin_ws/src/orb_slam3_ros/orb_slam3/Thirdparty/g2o/g2o/types/types_seven_dof_expmap.h:34[m[K,
                 from [01m[K/home/av2/catkin_ws/src/orb_slam3_ros/orb_slam3/Thirdparty/g2o/g2o/types/types_seven_dof_expmap.cpp:27[m[K:
[01m[K/usr/include/eigen3/Eigen/src/Core/util/Constants.h:162:37:[m[K [01;36m[Knote: [m[Kdeclared here
 EIGEN_DEPRECATED const unsigned int [01;36m[KAlignedBit[m[K = 0x80;
                                     [01;36m[K^~~~~~~~~~[m[K
In file included from [01m[K/home/av2/catkin_ws/src/orb_slam3_ros/orb_slam3/Thirdparty/g2o/g2o/types/types_seven_dof_expmap.h:35:0[m[K,
                 from [01m[K/home/av2/catkin_ws/src/orb_slam3_ros/orb_slam3/Thirdparty/g2o/g2o/types/types_seven_dof_expmap.cpp:27[m[K:
[01m[K/home/av2/catkin_ws/src/orb_slam3_ros/orb_slam3/Thirdparty/g2o/g2o/types/../core/base_binary_edge.h:60:82:[m[K [01;35m[Kwarning: [m[K‘[01m[KEigen::AlignedBit[m[K’ is deprecated [[01;35m[K-Wdeprecated-declarations[m[K]
       typedef Eigen::Map<Matrix<double, Dj, Di>, Matrix<double, Dj, Di>::Flags & [01;35m[KAlignedBit[m[K ? Aligned : Unaligned > HessianBlockTransposedType;
                                                                                  [01;35m[K^~~~~~~~~~[m[K
In file included from [01m[K/usr/include/eigen3/Eigen/Core:344:0[m[K,
                 from [01m[K/home/av2/catkin_ws/src/orb_slam3_ros/orb_slam3/Thirdparty/g2o/g2o/types/../core/jacobian_workspace.h:30[m[K,
                 from [01m[K/home/av2/catkin_ws/src/orb_slam3_ros/orb_slam3/Thirdparty/g2o/g2o/types/../core/optimizable_graph.h:41[m[K,
                 from [01m[K/home/av2/catkin_ws/src/orb_slam3_ros/orb_slam3/Thirdparty/g2o/g2o/types/../core/base_vertex.h:30[m[K,
                 from [01m[K/home/av2/catkin_ws/src/orb_slam3_ros/orb_slam3/Thirdparty/g2o/g2o/types/types_seven_dof_expmap.h:34[m[K,
                 from [01m[K/home/av2/catkin_ws/src/orb_slam3_ros/orb_slam3/Thirdparty/g2o/g2o/types/types_seven_dof_expmap.cpp:27[m[K:
[01m[K/usr/include/eigen3/Eigen/src/Core/util/Constants.h:162:37:[m[K [01;36m[Knote: [m[Kdeclared here
 EIGEN_DEPRECATED const unsigned int [01;36m[KAlignedBit[m[K = 0x80;
                                     [01;36m[K^~~~~~~~~~[m[K
In file included from [01m[K/home/av2/catkin_ws/src/orb_slam3_ros/orb_slam3/Thirdparty/g2o/g2o/types/types_six_dof_expmap.h:37:0[m[K,
                 from [01m[K/home/av2/catkin_ws/src/orb_slam3_ros/orb_slam3/Thirdparty/g2o/g2o/types/types_six_dof_expmap.cpp:27[m[K:
/home/av2/catkin_ws/src/orb_slam3_ros/orb_slam3/Thirdparty/g2o/g2o/types/../core/base_vertex.h: In instantiation of ‘[01m[Kclass g2o::BaseVertex<3, Eigen::Matrix<double, 3, 1> >[m[K’:
[01m[K/home/av2/catkin_ws/src/orb_slam3_ros/orb_slam3/Thirdparty/g2o/g2o/types/types_sba.h:40:35:[m[K   required from here
[01m[K/home/av2/catkin_ws/src/orb_slam3_ros/orb_slam3/Thirdparty/g2o/g2o/types/../core/base_vertex.h:62:72:[m[K [01;35m[Kwarning: [m[K‘[01m[KEigen::AlignedBit[m[K’ is deprecated [[01;35m[K-Wdeprecated-declarations[m[K]
     typedef Eigen::Map<Matrix<double, D, D>, [01;35m[KMatrix<double,D,D>::Flags & AlignedBit[m[K ? Aligned : Unaligned >  HessianBlockType;
                                              [01;35m[K~~~~~~~~~~~~~~~~~~~~~~~~~~^~~~~~~~~~~~[m[K
In file included from [01m[K/usr/include/eigen3/Eigen/Core:344:0[m[K,
                 from [01m[K/home/av2/catkin_ws/src/orb_slam3_ros/orb_slam3/Thirdparty/g2o/g2o/types/../core/jacobian_workspace.h:30[m[K,
                 from [01m[K/home/av2/catkin_ws/src/orb_slam3_ros/orb_slam3/Thirdparty/g2o/g2o/types/../core/optimizable_graph.h:41[m[K,
                 from [01m[K/home/av2/catkin_ws/src/orb_slam3_ros/orb_slam3/Thirdparty/g2o/g2o/types/../core/base_vertex.h:30[m[K,
                 from [01m[K/home/av2/catkin_ws/src/orb_slam3_ros/orb_slam3/Thirdparty/g2o/g2o/types/types_six_dof_expmap.h:37[m[K,
                 from [01m[K/home/av2/catkin_ws/src/orb_slam3_ros/orb_slam3/Thirdparty/g2o/g2o/types/types_six_dof_expmap.cpp:27[m[K:
[01m[K/usr/include/eigen3/Eigen/src/Core/util/Constants.h:162:37:[m[K [01;36m[Knote: [m[Kdeclared here
 EIGEN_DEPRECATED const unsigned int [01;36m[KAlignedBit[m[K = 0x80;
                                     [01;36m[K^~~~~~~~~~[m[K
In file included from [01m[K/home/av2/catkin_ws/src/orb_slam3_ros/orb_slam3/Thirdparty/g2o/g2o/types/types_six_dof_expmap.h:37:0[m[K,
                 from [01m[K/home/av2/catkin_ws/src/orb_slam3_ros/orb_slam3/Thirdparty/g2o/g2o/types/types_six_dof_expmap.cpp:27[m[K:
/home/av2/catkin_ws/src/orb_slam3_ros/orb_slam3/Thirdparty/g2o/g2o/types/../core/base_vertex.h: In instantiation of ‘[01m[Kclass g2o::BaseVertex<6, g2o::SE3Quat>[m[K’:
[01m[K/home/av2/catkin_ws/src/orb_slam3_ros/orb_slam3/Thirdparty/g2o/g2o/types/types_six_dof_expmap.h:59:33:[m[K   required from here
[01m[K/home/av2/catkin_ws/src/orb_slam3_ros/orb_slam3/Thirdparty/g2o/g2o/types/../core/base_vertex.h:62:72:[m[K [01;35m[Kwarning: [m[K‘[01m[KEigen::AlignedBit[m[K’ is deprecated [[01;35m[K-Wdeprecated-declarations[m[K]
     typedef Eigen::Map<Matrix<double, D, D>, [01;35m[KMatrix<double,D,D>::Flags & AlignedBit[m[K ? Aligned : Unaligned >  HessianBlockType;
                                              [01;35m[K~~~~~~~~~~~~~~~~~~~~~~~~~~^~~~~~~~~~~~[m[K
In file included from [01m[K/usr/include/eigen3/Eigen/Core:344:0[m[K,
                 from [01m[K/home/av2/catkin_ws/src/orb_slam3_ros/orb_slam3/Thirdparty/g2o/g2o/types/../core/jacobian_workspace.h:30[m[K,
                 from [01m[K/home/av2/catkin_ws/src/orb_slam3_ros/orb_slam3/Thirdparty/g2o/g2o/types/../core/optimizable_graph.h:41[m[K,
                 from [01m[K/home/av2/catkin_ws/src/orb_slam3_ros/orb_slam3/Thirdparty/g2o/g2o/types/../core/base_vertex.h:30[m[K,
                 from [01m[K/home/av2/catkin_ws/src/orb_slam3_ros/orb_slam3/Thirdparty/g2o/g2o/types/types_six_dof_expmap.h:37[m[K,
                 from [01m[K/home/av2/catkin_ws/src/orb_slam3_ros/orb_slam3/Thirdparty/g2o/g2o/types/types_six_dof_expmap.cpp:27[m[K:
[01m[K/usr/include/eigen3/Eigen/src/Core/util/Constants.h:162:37:[m[K [01;36m[Knote: [m[Kdeclared here
 EIGEN_DEPRECATED const unsigned int [01;36m[KAlignedBit[m[K = 0x80;
                                     [01;36m[K^~~~~~~~~~[m[K
In file included from [01m[K/home/av2/catkin_ws/src/orb_slam3_ros/orb_slam3/Thirdparty/g2o/g2o/types/types_six_dof_expmap.h:38:0[m[K,
                 from [01m[K/home/av2/catkin_ws/src/orb_slam3_ros/orb_slam3/Thirdparty/g2o/g2o/types/types_six_dof_expmap.cpp:27[m[K:
/home/av2/catkin_ws/src/orb_slam3_ros/orb_slam3/Thirdparty/g2o/g2o/types/../core/base_binary_edge.h: In instantiation of ‘[01m[Kclass g2o::BaseBinaryEdge<6, g2o::SE3Quat, g2o::VertexSE3Expmap, g2o::VertexSE3Expmap>[m[K’:
[01m[K/home/av2/catkin_ws/src/orb_slam3_ros/orb_slam3/Thirdparty/g2o/g2o/types/types_six_dof_expmap.h:83:24:[m[K   required from here
[01m[K/home/av2/catkin_ws/src/orb_slam3_ros/orb_slam3/Thirdparty/g2o/g2o/types/../core/base_binary_edge.h:59:80:[m[K [01;35m[Kwarning: [m[K‘[01m[KEigen::AlignedBit[m[K’ is deprecated [[01;35m[K-Wdeprecated-declarations[m[K]
       typedef Eigen::Map<Matrix<double, Di, Dj>, [01;35m[KMatrix<double, Di, Dj>::Flags & AlignedBit[m[K ? Aligned : Unaligned > HessianBlockType;
                                                  [01;35m[K~~~~~~~~~~~~~~~~~~~~~~~~~~~~~~^~~~~~~~~~~~[m[K
In file included from [01m[K/usr/include/eigen3/Eigen/Core:344:0[m[K,
                 from [01m[K/home/av2/catkin_ws/src/orb_slam3_ros/orb_slam3/Thirdparty/g2o/g2o/types/../core/jacobian_workspace.h:30[m[K,
                 from [01m[K/home/av2/catkin_ws/src/orb_slam3_ros/orb_slam3/Thirdparty/g2o/g2o/types/../core/optimizable_graph.h:41[m[K,
                 from [01m[K/home/av2/catkin_ws/src/orb_slam3_ros/orb_slam3/Thirdparty/g2o/g2o/types/../core/base_vertex.h:30[m[K,
                 from [01m[K/home/av2/catkin_ws/src/orb_slam3_ros/orb_slam3/Thirdparty/g2o/g2o/types/types_six_dof_expmap.h:37[m[K,
                 from [01m[K/home/av2/catkin_ws/src/orb_slam3_ros/orb_slam3/Thirdparty/g2o/g2o/types/types_six_dof_expmap.cpp:27[m[K:
[01m[K/usr/include/eigen3/Eigen/src/Core/util/Constants.h:162:37:[m[K [01;36m[Knote: [m[Kdeclared here
 EIGEN_DEPRECATED const unsigned int [01;36m[KAlignedBit[m[K = 0x80;
                                     [01;36m[K^~~~~~~~~~[m[K
In file included from [01m[K/home/av2/catkin_ws/src/orb_slam3_ros/orb_slam3/Thirdparty/g2o/g2o/types/types_six_dof_expmap.h:38:0[m[K,
                 from [01m[K/home/av2/catkin_ws/src/orb_slam3_ros/orb_slam3/Thirdparty/g2o/g2o/types/types_six_dof_expmap.cpp:27[m[K:
[01m[K/home/av2/catkin_ws/src/orb_slam3_ros/orb_slam3/Thirdparty/g2o/g2o/types/../core/base_binary_edge.h:60:80:[m[K [01;35m[Kwarning: [m[K‘[01m[KEigen::AlignedBit[m[K’ is deprecated [[01;35m[K-Wdeprecated-declarations[m[K]
       typedef Eigen::Map<Matrix<double, Dj, Di>, [01;35m[KMatrix<double, Dj, Di>::Flags & AlignedBit[m[K ? Aligned : Unaligned > HessianBlockTransposedType;
                                                  [01;35m[K~~~~~~~~~~~~~~~~~~~~~~~~~~~~~~^~~~~~~~~~~~[m[K
In file included from [01m[K/usr/include/eigen3/Eigen/Core:344:0[m[K,
                 from [01m[K/home/av2/catkin_ws/src/orb_slam3_ros/orb_slam3/Thirdparty/g2o/g2o/types/../core/jacobian_workspace.h:30[m[K,
                 from [01m[K/home/av2/catkin_ws/src/orb_slam3_ros/orb_slam3/Thirdparty/g2o/g2o/types/../core/optimizable_graph.h:41[m[K,
                 from [01m[K/home/av2/catkin_ws/src/orb_slam3_ros/orb_slam3/Thirdparty/g2o/g2o/types/../core/base_vertex.h:30[m[K,
                 from [01m[K/home/av2/catkin_ws/src/orb_slam3_ros/orb_slam3/Thirdparty/g2o/g2o/types/types_six_dof_expmap.h:37[m[K,
                 from [01m[K/home/av2/catkin_ws/src/orb_slam3_ros/orb_slam3/Thirdparty/g2o/g2o/types/types_six_dof_expmap.cpp:27[m[K:
[01m[K/usr/include/eigen3/Eigen/src/Core/util/Constants.h:162:37:[m[K [01;36m[Knote: [m[Kdeclared here
 EIGEN_DEPRECATED const unsigned int [01;36m[KAlignedBit[m[K = 0x80;
                                     [01;36m[K^~~~~~~~~~[m[K
In file included from [01m[K/home/av2/catkin_ws/src/orb_slam3_ros/orb_slam3/Thirdparty/g2o/g2o/types/types_seven_dof_expmap.h:34:0[m[K,
                 from [01m[K/home/av2/catkin_ws/src/orb_slam3_ros/orb_slam3/Thirdparty/g2o/g2o/types/types_seven_dof_expmap.cpp:27[m[K:
/home/av2/catkin_ws/src/orb_slam3_ros/orb_slam3/Thirdparty/g2o/g2o/types/../core/base_vertex.h: In instantiation of ‘[01m[Kclass g2o::BaseVertex<3, Eigen::Matrix<double, 3, 1> >[m[K’:
[01m[K/home/av2/catkin_ws/src/orb_slam3_ros/orb_slam3/Thirdparty/g2o/g2o/types/types_sba.h:40:35:[m[K   required from here
[01m[K/home/av2/catkin_ws/src/orb_slam3_ros/orb_slam3/Thirdparty/g2o/g2o/types/../core/base_vertex.h:62:72:[m[K [01;35m[Kwarning: [m[K‘[01m[KEigen::AlignedBit[m[K’ is deprecated [[01;35m[K-Wdeprecated-declarations[m[K]
     typedef Eigen::Map<Matrix<double, D, D>, [01;35m[KMatrix<double,D,D>::Flags & AlignedBit[m[K ? Aligned : Unaligned >  HessianBlockType;
                                              [01;35m[K~~~~~~~~~~~~~~~~~~~~~~~~~~^~~~~~~~~~~~[m[K
In file included from [01m[K/usr/include/eigen3/Eigen/Core:344:0[m[K,
                 from [01m[K/home/av2/catkin_ws/src/orb_slam3_ros/orb_slam3/Thirdparty/g2o/g2o/types/../core/jacobian_workspace.h:30[m[K,
                 from [01m[K/home/av2/catkin_ws/src/orb_slam3_ros/orb_slam3/Thirdparty/g2o/g2o/types/../core/optimizable_graph.h:41[m[K,
                 from [01m[K/home/av2/catkin_ws/src/orb_slam3_ros/orb_slam3/Thirdparty/g2o/g2o/types/../core/base_vertex.h:30[m[K,
                 from [01m[K/home/av2/catkin_ws/src/orb_slam3_ros/orb_slam3/Thirdparty/g2o/g2o/types/types_seven_dof_expmap.h:34[m[K,
                 from [01m[K/home/av2/catkin_ws/src/orb_slam3_ros/orb_slam3/Thirdparty/g2o/g2o/types/types_seven_dof_expmap.cpp:27[m[K:
[01m[K/usr/include/eigen3/Eigen/src/Core/util/Constants.h:162:37:[m[K [01;36m[Knote: [m[Kdeclared here
 EIGEN_DEPRECATED const unsigned int [01;36m[KAlignedBit[m[K = 0x80;
                                     [01;36m[K^~~~~~~~~~[m[K
In file included from [01m[K/home/av2/catkin_ws/src/orb_slam3_ros/orb_slam3/Thirdparty/g2o/g2o/types/types_seven_dof_expmap.h:34:0[m[K,
                 from [01m[K/home/av2/catkin_ws/src/orb_slam3_ros/orb_slam3/Thirdparty/g2o/g2o/types/types_seven_dof_expmap.cpp:27[m[K:
/home/av2/catkin_ws/src/orb_slam3_ros/orb_slam3/Thirdparty/g2o/g2o/types/../core/base_vertex.h: In instantiation of ‘[01m[Kclass g2o::BaseVertex<6, g2o::SE3Quat>[m[K’:
[01m[K/home/av2/catkin_ws/src/orb_slam3_ros/orb_slam3/Thirdparty/g2o/g2o/types/types_six_dof_expmap.h:59:33:[m[K   required from here
[01m[K/home/av2/catkin_ws/src/orb_slam3_ros/orb_slam3/Thirdparty/g2o/g2o/types/../core/base_vertex.h:62:72:[m[K [01;35m[Kwarning: [m[K‘[01m[KEigen::AlignedBit[m[K’ is deprecated [[01;35m[K-Wdeprecated-declarations[m[K]
     typedef Eigen::Map<Matrix<double, D, D>, [01;35m[KMatrix<double,D,D>::Flags & AlignedBit[m[K ? Aligned : Unaligned >  HessianBlockType;
                                              [01;35m[K~~~~~~~~~~~~~~~~~~~~~~~~~~^~~~~~~~~~~~[m[K
In file included from [01m[K/usr/include/eigen3/Eigen/Core:344:0[m[K,
                 from [01m[K/home/av2/catkin_ws/src/orb_slam3_ros/orb_slam3/Thirdparty/g2o/g2o/types/../core/jacobian_workspace.h:30[m[K,
                 from [01m[K/home/av2/catkin_ws/src/orb_slam3_ros/orb_slam3/Thirdparty/g2o/g2o/types/../core/optimizable_graph.h:41[m[K,
                 from [01m[K/home/av2/catkin_ws/src/orb_slam3_ros/orb_slam3/Thirdparty/g2o/g2o/types/../core/base_vertex.h:30[m[K,
                 from [01m[K/home/av2/catkin_ws/src/orb_slam3_ros/orb_slam3/Thirdparty/g2o/g2o/types/types_seven_dof_expmap.h:34[m[K,
                 from [01m[K/home/av2/catkin_ws/src/orb_slam3_ros/orb_slam3/Thirdparty/g2o/g2o/types/types_seven_dof_expmap.cpp:27[m[K:
[01m[K/usr/include/eigen3/Eigen/src/Core/util/Constants.h:162:37:[m[K [01;36m[Knote: [m[Kdeclared here
 EIGEN_DEPRECATED const unsigned int [01;36m[KAlignedBit[m[K = 0x80;
                                     [01;36m[K^~~~~~~~~~[m[K
In file included from [01m[K/home/av2/catkin_ws/src/orb_slam3_ros/orb_slam3/Thirdparty/g2o/g2o/types/types_six_dof_expmap.h:38:0[m[K,
                 from [01m[K/home/av2/catkin_ws/src/orb_slam3_ros/orb_slam3/Thirdparty/g2o/g2o/types/types_six_dof_expmap.cpp:27[m[K:
/home/av2/catkin_ws/src/orb_slam3_ros/orb_slam3/Thirdparty/g2o/g2o/types/../core/base_binary_edge.h: In instantiation of ‘[01m[Kclass g2o::BaseBinaryEdge<2, Eigen::Matrix<double, 2, 1>, g2o::VertexSBAPointXYZ, g2o::VertexSE3Expmap>[m[K’:
[01m[K/home/av2/catkin_ws/src/orb_slam3_ros/orb_slam3/Thirdparty/g2o/g2o/types/types_six_dof_expmap.h:114:35:[m[K   required from here
[01m[K/home/av2/catkin_ws/src/orb_slam3_ros/orb_slam3/Thirdparty/g2o/g2o/types/../core/base_binary_edge.h:59:80:[m[K [01;35m[Kwarning: [m[K‘[01m[KEigen::AlignedBit[m[K’ is deprecated [[01;35m[K-Wdeprecated-declarations[m[K]
       typedef Eigen::Map<Matrix<double, Di, Dj>, [01;35m[KMatrix<double, Di, Dj>::Flags & AlignedBit[m[K ? Aligned : Unaligned > HessianBlockType;
                                                  [01;35m[K~~~~~~~~~~~~~~~~~~~~~~~~~~~~~~^~~~~~~~~~~~[m[K
In file included from [01m[K/usr/include/eigen3/Eigen/Core:344:0[m[K,
                 from [01m[K/home/av2/catkin_ws/src/orb_slam3_ros/orb_slam3/Thirdparty/g2o/g2o/types/../core/jacobian_workspace.h:30[m[K,
                 from [01m[K/home/av2/catkin_ws/src/orb_slam3_ros/orb_slam3/Thirdparty/g2o/g2o/types/../core/optimizable_graph.h:41[m[K,
                 from [01m[K/home/av2/catkin_ws/src/orb_slam3_ros/orb_slam3/Thirdparty/g2o/g2o/types/../core/base_vertex.h:30[m[K,
                 from [01m[K/home/av2/catkin_ws/src/orb_slam3_ros/orb_slam3/Thirdparty/g2o/g2o/types/types_six_dof_expmap.h:37[m[K,
                 from [01m[K/home/av2/catkin_ws/src/orb_slam3_ros/orb_slam3/Thirdparty/g2o/g2o/types/types_six_dof_expmap.cpp:27[m[K:
[01m[K/usr/include/eigen3/Eigen/src/Core/util/Constants.h:162:37:[m[K [01;36m[Knote: [m[Kdeclared here
 EIGEN_DEPRECATED const unsigned int [01;36m[KAlignedBit[m[K = 0x80;
                                     [01;36m[K^~~~~~~~~~[m[K
In file included from [01m[K/home/av2/catkin_ws/src/orb_slam3_ros/orb_slam3/Thirdparty/g2o/g2o/types/types_six_dof_expmap.h:38:0[m[K,
                 from [01m[K/home/av2/catkin_ws/src/orb_slam3_ros/orb_slam3/Thirdparty/g2o/g2o/types/types_six_dof_expmap.cpp:27[m[K:
[01m[K/home/av2/catkin_ws/src/orb_slam3_ros/orb_slam3/Thirdparty/g2o/g2o/types/../core/base_binary_edge.h:60:80:[m[K [01;35m[Kwarning: [m[K‘[01m[KEigen::AlignedBit[m[K’ is deprecated [[01;35m[K-Wdeprecated-declarations[m[K]
       typedef Eigen::Map<Matrix<double, Dj, Di>, [01;35m[KMatrix<double, Dj, Di>::Flags & AlignedBit[m[K ? Aligned : Unaligned > HessianBlockTransposedType;
                                                  [01;35m[K~~~~~~~~~~~~~~~~~~~~~~~~~~~~~~^~~~~~~~~~~~[m[K
In file included from [01m[K/usr/include/eigen3/Eigen/Core:344:0[m[K,
                 from [01m[K/home/av2/catkin_ws/src/orb_slam3_ros/orb_slam3/Thirdparty/g2o/g2o/types/../core/jacobian_workspace.h:30[m[K,
                 from [01m[K/home/av2/catkin_ws/src/orb_slam3_ros/orb_slam3/Thirdparty/g2o/g2o/types/../core/optimizable_graph.h:41[m[K,
                 from [01m[K/home/av2/catkin_ws/src/orb_slam3_ros/orb_slam3/Thirdparty/g2o/g2o/types/../core/base_vertex.h:30[m[K,
                 from [01m[K/home/av2/catkin_ws/src/orb_slam3_ros/orb_slam3/Thirdparty/g2o/g2o/types/types_six_dof_expmap.h:37[m[K,
                 from [01m[K/home/av2/catkin_ws/src/orb_slam3_ros/orb_slam3/Thirdparty/g2o/g2o/types/types_six_dof_expmap.cpp:27[m[K:
[01m[K/usr/include/eigen3/Eigen/src/Core/util/Constants.h:162:37:[m[K [01;36m[Knote: [m[Kdeclared here
 EIGEN_DEPRECATED const unsigned int [01;36m[KAlignedBit[m[K = 0x80;
                                     [01;36m[K^~~~~~~~~~[m[K
In file included from [01m[K/home/av2/catkin_ws/src/orb_slam3_ros/orb_slam3/Thirdparty/g2o/g2o/types/types_seven_dof_expmap.h:35:0[m[K,
                 from [01m[K/home/av2/catkin_ws/src/orb_slam3_ros/orb_slam3/Thirdparty/g2o/g2o/types/types_seven_dof_expmap.cpp:27[m[K:
/home/av2/catkin_ws/src/orb_slam3_ros/orb_slam3/Thirdparty/g2o/g2o/types/../core/base_binary_edge.h: In instantiation of ‘[01m[Kclass g2o::BaseBinaryEdge<6, g2o::SE3Quat, g2o::VertexSE3Expmap, g2o::VertexSE3Expmap>[m[K’:
[01m[K/home/av2/catkin_ws/src/orb_slam3_ros/orb_slam3/Thirdparty/g2o/g2o/types/types_six_dof_expmap.h:83:24:[m[K   required from here
[01m[K/home/av2/catkin_ws/src/orb_slam3_ros/orb_slam3/Thirdparty/g2o/g2o/types/../core/base_binary_edge.h:59:80:[m[K [01;35m[Kwarning: [m[K‘[01m[KEigen::AlignedBit[m[K’ is deprecated [[01;35m[K-Wdeprecated-declarations[m[K]
       typedef Eigen::Map<Matrix<double, Di, Dj>, [01;35m[KMatrix<double, Di, Dj>::Flags & AlignedBit[m[K ? Aligned : Unaligned > HessianBlockType;
                                                  [01;35m[K~~~~~~~~~~~~~~~~~~~~~~~~~~~~~~^~~~~~~~~~~~[m[K
In file included from [01m[K/usr/include/eigen3/Eigen/Core:344:0[m[K,
                 from [01m[K/home/av2/catkin_ws/src/orb_slam3_ros/orb_slam3/Thirdparty/g2o/g2o/types/../core/jacobian_workspace.h:30[m[K,
                 from [01m[K/home/av2/catkin_ws/src/orb_slam3_ros/orb_slam3/Thirdparty/g2o/g2o/types/../core/optimizable_graph.h:41[m[K,
                 from [01m[K/home/av2/catkin_ws/src/orb_slam3_ros/orb_slam3/Thirdparty/g2o/g2o/types/../core/base_vertex.h:30[m[K,
                 from [01m[K/home/av2/catkin_ws/src/orb_slam3_ros/orb_slam3/Thirdparty/g2o/g2o/types/types_seven_dof_expmap.h:34[m[K,
                 from [01m[K/home/av2/catkin_ws/src/orb_slam3_ros/orb_slam3/Thirdparty/g2o/g2o/types/types_seven_dof_expmap.cpp:27[m[K:
[01m[K/usr/include/eigen3/Eigen/src/Core/util/Constants.h:162:37:[m[K [01;36m[Knote: [m[Kdeclared here
 EIGEN_DEPRECATED const unsigned int [01;36m[KAlignedBit[m[K = 0x80;
                                     [01;36m[K^~~~~~~~~~[m[K
In file included from [01m[K/home/av2/catkin_ws/src/orb_slam3_ros/orb_slam3/Thirdparty/g2o/g2o/types/types_seven_dof_expmap.h:35:0[m[K,
                 from [01m[K/home/av2/catkin_ws/src/orb_slam3_ros/orb_slam3/Thirdparty/g2o/g2o/types/types_seven_dof_expmap.cpp:27[m[K:
[01m[K/home/av2/catkin_ws/src/orb_slam3_ros/orb_slam3/Thirdparty/g2o/g2o/types/../core/base_binary_edge.h:60:80:[m[K [01;35m[Kwarning: [m[K‘[01m[KEigen::AlignedBit[m[K’ is deprecated [[01;35m[K-Wdeprecated-declarations[m[K]
       typedef Eigen::Map<Matrix<double, Dj, Di>, [01;35m[KMatrix<double, Dj, Di>::Flags & AlignedBit[m[K ? Aligned : Unaligned > HessianBlockTransposedType;
                                                  [01;35m[K~~~~~~~~~~~~~~~~~~~~~~~~~~~~~~^~~~~~~~~~~~[m[K
In file included from [01m[K/usr/include/eigen3/Eigen/Core:344:0[m[K,
                 from [01m[K/home/av2/catkin_ws/src/orb_slam3_ros/orb_slam3/Thirdparty/g2o/g2o/types/../core/jacobian_workspace.h:30[m[K,
                 from [01m[K/home/av2/catkin_ws/src/orb_slam3_ros/orb_slam3/Thirdparty/g2o/g2o/types/../core/optimizable_graph.h:41[m[K,
                 from [01m[K/home/av2/catkin_ws/src/orb_slam3_ros/orb_slam3/Thirdparty/g2o/g2o/types/../core/base_vertex.h:30[m[K,
                 from [01m[K/home/av2/catkin_ws/src/orb_slam3_ros/orb_slam3/Thirdparty/g2o/g2o/types/types_seven_dof_expmap.h:34[m[K,
                 from [01m[K/home/av2/catkin_ws/src/orb_slam3_ros/orb_slam3/Thirdparty/g2o/g2o/types/types_seven_dof_expmap.cpp:27[m[K:
[01m[K/usr/include/eigen3/Eigen/src/Core/util/Constants.h:162:37:[m[K [01;36m[Knote: [m[Kdeclared here
 EIGEN_DEPRECATED const unsigned int [01;36m[KAlignedBit[m[K = 0x80;
                                     [01;36m[K^~~~~~~~~~[m[K
In file included from [01m[K/home/av2/catkin_ws/src/orb_slam3_ros/orb_slam3/Thirdparty/g2o/g2o/types/types_six_dof_expmap.h:38:0[m[K,
                 from [01m[K/home/av2/catkin_ws/src/orb_slam3_ros/orb_slam3/Thirdparty/g2o/g2o/types/types_six_dof_expmap.cpp:27[m[K:
/home/av2/catkin_ws/src/orb_slam3_ros/orb_slam3/Thirdparty/g2o/g2o/types/../core/base_binary_edge.h: In instantiation of ‘[01m[Kclass g2o::BaseBinaryEdge<3, Eigen::Matrix<double, 3, 1>, g2o::VertexSBAPointXYZ, g2o::VertexSE3Expmap>[m[K’:
[01m[K/home/av2/catkin_ws/src/orb_slam3_ros/orb_slam3/Thirdparty/g2o/g2o/types/types_six_dof_expmap.h:146:41:[m[K   required from here
[01m[K/home/av2/catkin_ws/src/orb_slam3_ros/orb_slam3/Thirdparty/g2o/g2o/types/../core/base_binary_edge.h:59:80:[m[K [01;35m[Kwarning: [m[K‘[01m[KEigen::AlignedBit[m[K’ is deprecated [[01;35m[K-Wdeprecated-declarations[m[K]
       typedef Eigen::Map<Matrix<double, Di, Dj>, [01;35m[KMatrix<double, Di, Dj>::Flags & AlignedBit[m[K ? Aligned : Unaligned > HessianBlockType;
                                                  [01;35m[K~~~~~~~~~~~~~~~~~~~~~~~~~~~~~~^~~~~~~~~~~~[m[K
In file included from [01m[K/home/av2/catkin_ws/src/orb_slam3_ros/orb_slam3/Thirdparty/g2o/g2o/types/types_seven_dof_expmap.h:35:0[m[K,
                 from [01m[K/home/av2/catkin_ws/src/orb_slam3_ros/orb_slam3/Thirdparty/g2o/g2o/types/types_seven_dof_expmap.cpp:27[m[K:
/home/av2/catkin_ws/src/orb_slam3_ros/orb_slam3/Thirdparty/g2o/g2o/types/../core/base_binary_edge.h: In instantiation of ‘[01m[Kclass g2o::BaseBinaryEdge<2, Eigen::Matrix<double, 2, 1>, g2o::VertexSBAPointXYZ, g2o::VertexSE3Expmap>[m[K’:
[01m[K/home/av2/catkin_ws/src/orb_slam3_ros/orb_slam3/Thirdparty/g2o/g2o/types/types_six_dof_expmap.h:114:35:[m[K   required from here
[01m[K/home/av2/catkin_ws/src/orb_slam3_ros/orb_slam3/Thirdparty/g2o/g2o/types/../core/base_binary_edge.h:59:80:[m[K [01;35m[Kwarning: [m[K‘[01m[KEigen::AlignedBit[m[K’ is deprecated [[01;35m[K-Wdeprecated-declarations[m[K]
       typedef Eigen::Map<Matrix<double, Di, Dj>, [01;35m[KMatrix<double, Di, Dj>::Flags & AlignedBit[m[K ? Aligned : Unaligned > HessianBlockType;
                                                  [01;35m[K~~~~~~~~~~~~~~~~~~~~~~~~~~~~~~^~~~~~~~~~~~[m[K
In file included from [01m[K/usr/include/eigen3/Eigen/Core:344:0[m[K,
                 from [01m[K/home/av2/catkin_ws/src/orb_slam3_ros/orb_slam3/Thirdparty/g2o/g2o/types/../core/jacobian_workspace.h:30[m[K,
                 from [01m[K/home/av2/catkin_ws/src/orb_slam3_ros/orb_slam3/Thirdparty/g2o/g2o/types/../core/optimizable_graph.h:41[m[K,
                 from [01m[K/home/av2/catkin_ws/src/orb_slam3_ros/orb_slam3/Thirdparty/g2o/g2o/types/../core/base_vertex.h:30[m[K,
                 from [01m[K/home/av2/catkin_ws/src/orb_slam3_ros/orb_slam3/Thirdparty/g2o/g2o/types/types_six_dof_expmap.h:37[m[K,
                 from [01m[K/home/av2/catkin_ws/src/orb_slam3_ros/orb_slam3/Thirdparty/g2o/g2o/types/types_six_dof_expmap.cpp:27[m[K:
[01m[K/usr/include/eigen3/Eigen/src/Core/util/Constants.h:162:37:[m[K [01;36m[Knote: [m[Kdeclared here
 EIGEN_DEPRECATED const unsigned int [01;36m[KAlignedBit[m[K = 0x80;
                                     [01;36m[K^~~~~~~~~~[m[K
In file included from [01m[K/usr/include/eigen3/Eigen/Core:344:0[m[K,
                 from [01m[K/home/av2/catkin_ws/src/orb_slam3_ros/orb_slam3/Thirdparty/g2o/g2o/types/../core/jacobian_workspace.h:30[m[K,
                 from [01m[K/home/av2/catkin_ws/src/orb_slam3_ros/orb_slam3/Thirdparty/g2o/g2o/types/../core/optimizable_graph.h:41[m[K,
                 from [01m[K/home/av2/catkin_ws/src/orb_slam3_ros/orb_slam3/Thirdparty/g2o/g2o/types/../core/base_vertex.h:30[m[K,
                 from [01m[K/home/av2/catkin_ws/src/orb_slam3_ros/orb_slam3/Thirdparty/g2o/g2o/types/types_seven_dof_expmap.h:34[m[K,
                 from [01m[K/home/av2/catkin_ws/src/orb_slam3_ros/orb_slam3/Thirdparty/g2o/g2o/types/types_seven_dof_expmap.cpp:27[m[K:
[01m[K/usr/include/eigen3/Eigen/src/Core/util/Constants.h:162:37:[m[K [01;36m[Knote: [m[Kdeclared here
 EIGEN_DEPRECATED const unsigned int [01;36m[KAlignedBit[m[K = 0x80;
                                     [01;36m[K^~~~~~~~~~[m[K
In file included from [01m[K/home/av2/catkin_ws/src/orb_slam3_ros/orb_slam3/Thirdparty/g2o/g2o/types/types_six_dof_expmap.h:38:0[m[K,
                 from [01m[K/home/av2/catkin_ws/src/orb_slam3_ros/orb_slam3/Thirdparty/g2o/g2o/types/types_six_dof_expmap.cpp:27[m[K:
[01m[K/home/av2/catkin_ws/src/orb_slam3_ros/orb_slam3/Thirdparty/g2o/g2o/types/../core/base_binary_edge.h:60:80:[m[K [01;35m[Kwarning: [m[K‘[01m[KEigen::AlignedBit[m[K’ is deprecated [[01;35m[K-Wdeprecated-declarations[m[K]
       typedef Eigen::Map<Matrix<double, Dj, Di>, [01;35m[KMatrix<double, Dj, Di>::Flags & AlignedBit[m[K ? Aligned : Unaligned > HessianBlockTransposedType;
                                                  [01;35m[K~~~~~~~~~~~~~~~~~~~~~~~~~~~~~~^~~~~~~~~~~~[m[K
In file included from [01m[K/usr/include/eigen3/Eigen/Core:344:0[m[K,
                 from [01m[K/home/av2/catkin_ws/src/orb_slam3_ros/orb_slam3/Thirdparty/g2o/g2o/types/../core/jacobian_workspace.h:30[m[K,
                 from [01m[K/home/av2/catkin_ws/src/orb_slam3_ros/orb_slam3/Thirdparty/g2o/g2o/types/../core/optimizable_graph.h:41[m[K,
                 from [01m[K/home/av2/catkin_ws/src/orb_slam3_ros/orb_slam3/Thirdparty/g2o/g2o/types/../core/base_vertex.h:30[m[K,
                 from [01m[K/home/av2/catkin_ws/src/orb_slam3_ros/orb_slam3/Thirdparty/g2o/g2o/types/types_six_dof_expmap.h:37[m[K,
                 from [01m[K/home/av2/catkin_ws/src/orb_slam3_ros/orb_slam3/Thirdparty/g2o/g2o/types/types_six_dof_expmap.cpp:27[m[K:
[01m[K/usr/include/eigen3/Eigen/src/Core/util/Constants.h:162:37:[m[K [01;36m[Knote: [m[Kdeclared here
 EIGEN_DEPRECATED const unsigned int [01;36m[KAlignedBit[m[K = 0x80;
                                     [01;36m[K^~~~~~~~~~[m[K
In file included from [01m[K/home/av2/catkin_ws/src/orb_slam3_ros/orb_slam3/Thirdparty/g2o/g2o/types/types_seven_dof_expmap.h:35:0[m[K,
                 from [01m[K/home/av2/catkin_ws/src/orb_slam3_ros/orb_slam3/Thirdparty/g2o/g2o/types/types_seven_dof_expmap.cpp:27[m[K:
[01m[K/home/av2/catkin_ws/src/orb_slam3_ros/orb_slam3/Thirdparty/g2o/g2o/types/../core/base_binary_edge.h:60:80:[m[K [01;35m[Kwarning: [m[K‘[01m[KEigen::AlignedBit[m[K’ is deprecated [[01;35m[K-Wdeprecated-declarations[m[K]
       typedef Eigen::Map<Matrix<double, Dj, Di>, [01;35m[KMatrix<double, Dj, Di>::Flags & AlignedBit[m[K ? Aligned : Unaligned > HessianBlockTransposedType;
                                                  [01;35m[K~~~~~~~~~~~~~~~~~~~~~~~~~~~~~~^~~~~~~~~~~~[m[K
In file included from [01m[K/usr/include/eigen3/Eigen/Core:344:0[m[K,
                 from [01m[K/home/av2/catkin_ws/src/orb_slam3_ros/orb_slam3/Thirdparty/g2o/g2o/types/../core/jacobian_workspace.h:30[m[K,
                 from [01m[K/home/av2/catkin_ws/src/orb_slam3_ros/orb_slam3/Thirdparty/g2o/g2o/types/../core/optimizable_graph.h:41[m[K,
                 from [01m[K/home/av2/catkin_ws/src/orb_slam3_ros/orb_slam3/Thirdparty/g2o/g2o/types/../core/base_vertex.h:30[m[K,
                 from [01m[K/home/av2/catkin_ws/src/orb_slam3_ros/orb_slam3/Thirdparty/g2o/g2o/types/types_seven_dof_expmap.h:34[m[K,
                 from [01m[K/home/av2/catkin_ws/src/orb_slam3_ros/orb_slam3/Thirdparty/g2o/g2o/types/types_seven_dof_expmap.cpp:27[m[K:
[01m[K/usr/include/eigen3/Eigen/src/Core/util/Constants.h:162:37:[m[K [01;36m[Knote: [m[Kdeclared here
 EIGEN_DEPRECATED const unsigned int [01;36m[KAlignedBit[m[K = 0x80;
                                     [01;36m[K^~~~~~~~~~[m[K
In file included from [01m[K/home/av2/catkin_ws/src/orb_slam3_ros/orb_slam3/Thirdparty/g2o/g2o/types/types_seven_dof_expmap.h:35:0[m[K,
                 from [01m[K/home/av2/catkin_ws/src/orb_slam3_ros/orb_slam3/Thirdparty/g2o/g2o/types/types_seven_dof_expmap.cpp:27[m[K:
/home/av2/catkin_ws/src/orb_slam3_ros/orb_slam3/Thirdparty/g2o/g2o/types/../core/base_binary_edge.h: In instantiation of ‘[01m[Kclass g2o::BaseBinaryEdge<3, Eigen::Matrix<double, 3, 1>, g2o::VertexSBAPointXYZ, g2o::VertexSE3Expmap>[m[K’:
[01m[K/home/av2/catkin_ws/src/orb_slam3_ros/orb_slam3/Thirdparty/g2o/g2o/types/types_six_dof_expmap.h:146:41:[m[K   required from here
[01m[K/home/av2/catkin_ws/src/orb_slam3_ros/orb_slam3/Thirdparty/g2o/g2o/types/../core/base_binary_edge.h:59:80:[m[K [01;35m[Kwarning: [m[K‘[01m[KEigen::AlignedBit[m[K’ is deprecated [[01;35m[K-Wdeprecated-declarations[m[K]
       typedef Eigen::Map<Matrix<double, Di, Dj>, [01;35m[KMatrix<double, Di, Dj>::Flags & AlignedBit[m[K ? Aligned : Unaligned > HessianBlockType;
                                                  [01;35m[K~~~~~~~~~~~~~~~~~~~~~~~~~~~~~~^~~~~~~~~~~~[m[K
In file included from [01m[K/usr/include/eigen3/Eigen/Core:344:0[m[K,
                 from [01m[K/home/av2/catkin_ws/src/orb_slam3_ros/orb_slam3/Thirdparty/g2o/g2o/types/../core/jacobian_workspace.h:30[m[K,
                 from [01m[K/home/av2/catkin_ws/src/orb_slam3_ros/orb_slam3/Thirdparty/g2o/g2o/types/../core/optimizable_graph.h:41[m[K,
                 from [01m[K/home/av2/catkin_ws/src/orb_slam3_ros/orb_slam3/Thirdparty/g2o/g2o/types/../core/base_vertex.h:30[m[K,
                 from [01m[K/home/av2/catkin_ws/src/orb_slam3_ros/orb_slam3/Thirdparty/g2o/g2o/types/types_seven_dof_expmap.h:34[m[K,
                 from [01m[K/home/av2/catkin_ws/src/orb_slam3_ros/orb_slam3/Thirdparty/g2o/g2o/types/types_seven_dof_expmap.cpp:27[m[K:
[01m[K/usr/include/eigen3/Eigen/src/Core/util/Constants.h:162:37:[m[K [01;36m[Knote: [m[Kdeclared here
 EIGEN_DEPRECATED const unsigned int [01;36m[KAlignedBit[m[K = 0x80;
                                     [01;36m[K^~~~~~~~~~[m[K
In file included from [01m[K/home/av2/catkin_ws/src/orb_slam3_ros/orb_slam3/Thirdparty/g2o/g2o/types/types_seven_dof_expmap.h:35:0[m[K,
                 from [01m[K/home/av2/catkin_ws/src/orb_slam3_ros/orb_slam3/Thirdparty/g2o/g2o/types/types_seven_dof_expmap.cpp:27[m[K:
[01m[K/home/av2/catkin_ws/src/orb_slam3_ros/orb_slam3/Thirdparty/g2o/g2o/types/../core/base_binary_edge.h:60:80:[m[K [01;35m[Kwarning: [m[K‘[01m[KEigen::AlignedBit[m[K’ is deprecated [[01;35m[K-Wdeprecated-declarations[m[K]
       typedef Eigen::Map<Matrix<double, Dj, Di>, [01;35m[KMatrix<double, Dj, Di>::Flags & AlignedBit[m[K ? Aligned : Unaligned > HessianBlockTransposedType;
                                                  [01;35m[K~~~~~~~~~~~~~~~~~~~~~~~~~~~~~~^~~~~~~~~~~~[m[K
In file included from [01m[K/usr/include/eigen3/Eigen/Core:344:0[m[K,
                 from [01m[K/home/av2/catkin_ws/src/orb_slam3_ros/orb_slam3/Thirdparty/g2o/g2o/types/../core/jacobian_workspace.h:30[m[K,
                 from [01m[K/home/av2/catkin_ws/src/orb_slam3_ros/orb_slam3/Thirdparty/g2o/g2o/types/../core/optimizable_graph.h:41[m[K,
                 from [01m[K/home/av2/catkin_ws/src/orb_slam3_ros/orb_slam3/Thirdparty/g2o/g2o/types/../core/base_vertex.h:30[m[K,
                 from [01m[K/home/av2/catkin_ws/src/orb_slam3_ros/orb_slam3/Thirdparty/g2o/g2o/types/types_seven_dof_expmap.h:34[m[K,
                 from [01m[K/home/av2/catkin_ws/src/orb_slam3_ros/orb_slam3/Thirdparty/g2o/g2o/types/types_seven_dof_expmap.cpp:27[m[K:
[01m[K/usr/include/eigen3/Eigen/src/Core/util/Constants.h:162:37:[m[K [01;36m[Knote: [m[Kdeclared here
 EIGEN_DEPRECATED const unsigned int [01;36m[KAlignedBit[m[K = 0x80;
                                     [01;36m[K^~~~~~~~~~[m[K
In file included from [01m[K/home/av2/catkin_ws/src/orb_slam3_ros/orb_slam3/Thirdparty/g2o/g2o/types/types_seven_dof_expmap.h:34:0[m[K,
                 from [01m[K/home/av2/catkin_ws/src/orb_slam3_ros/orb_slam3/Thirdparty/g2o/g2o/types/types_seven_dof_expmap.cpp:27[m[K:
/home/av2/catkin_ws/src/orb_slam3_ros/orb_slam3/Thirdparty/g2o/g2o/types/../core/base_vertex.h: In instantiation of ‘[01m[Kclass g2o::BaseVertex<7, g2o::Sim3>[m[K’:
[01m[K/home/av2/catkin_ws/src/orb_slam3_ros/orb_slam3/Thirdparty/g2o/g2o/types/types_seven_dof_expmap.h:48:35:[m[K   required from here
[01m[K/home/av2/catkin_ws/src/orb_slam3_ros/orb_slam3/Thirdparty/g2o/g2o/types/../core/base_vertex.h:62:72:[m[K [01;35m[Kwarning: [m[K‘[01m[KEigen::AlignedBit[m[K’ is deprecated [[01;35m[K-Wdeprecated-declarations[m[K]
     typedef Eigen::Map<Matrix<double, D, D>, [01;35m[KMatrix<double,D,D>::Flags & AlignedBit[m[K ? Aligned : Unaligned >  HessianBlockType;
                                              [01;35m[K~~~~~~~~~~~~~~~~~~~~~~~~~~^~~~~~~~~~~~[m[K
In file included from [01m[K/usr/include/eigen3/Eigen/Core:344:0[m[K,
                 from [01m[K/home/av2/catkin_ws/src/orb_slam3_ros/orb_slam3/Thirdparty/g2o/g2o/types/../core/jacobian_workspace.h:30[m[K,
                 from [01m[K/home/av2/catkin_ws/src/orb_slam3_ros/orb_slam3/Thirdparty/g2o/g2o/types/../core/optimizable_graph.h:41[m[K,
                 from [01m[K/home/av2/catkin_ws/src/orb_slam3_ros/orb_slam3/Thirdparty/g2o/g2o/types/../core/base_vertex.h:30[m[K,
                 from [01m[K/home/av2/catkin_ws/src/orb_slam3_ros/orb_slam3/Thirdparty/g2o/g2o/types/types_seven_dof_expmap.h:34[m[K,
                 from [01m[K/home/av2/catkin_ws/src/orb_slam3_ros/orb_slam3/Thirdparty/g2o/g2o/types/types_seven_dof_expmap.cpp:27[m[K:
[01m[K/usr/include/eigen3/Eigen/src/Core/util/Constants.h:162:37:[m[K [01;36m[Knote: [m[Kdeclared here
 EIGEN_DEPRECATED const unsigned int [01;36m[KAlignedBit[m[K = 0x80;
                                     [01;36m[K^~~~~~~~~~[m[K
In file included from [01m[K/home/av2/catkin_ws/src/orb_slam3_ros/orb_slam3/Thirdparty/g2o/g2o/types/types_seven_dof_expmap.h:35:0[m[K,
                 from [01m[K/home/av2/catkin_ws/src/orb_slam3_ros/orb_slam3/Thirdparty/g2o/g2o/types/types_seven_dof_expmap.cpp:27[m[K:
/home/av2/catkin_ws/src/orb_slam3_ros/orb_slam3/Thirdparty/g2o/g2o/types/../core/base_binary_edge.h: In instantiation of ‘[01m[Kclass g2o::BaseBinaryEdge<7, g2o::Sim3, g2o::VertexSim3Expmap, g2o::VertexSim3Expmap>[m[K’:
[01m[K/home/av2/catkin_ws/src/orb_slam3_ros/orb_slam3/Thirdparty/g2o/g2o/types/types_seven_dof_expmap.h:99:27:[m[K   required from here
[01m[K/home/av2/catkin_ws/src/orb_slam3_ros/orb_slam3/Thirdparty/g2o/g2o/types/../core/base_binary_edge.h:59:80:[m[K [01;35m[Kwarning: [m[K‘[01m[KEigen::AlignedBit[m[K’ is deprecated [[01;35m[K-Wdeprecated-declarations[m[K]
       typedef Eigen::Map<Matrix<double, Di, Dj>, [01;35m[KMatrix<double, Di, Dj>::Flags & AlignedBit[m[K ? Aligned : Unaligned > HessianBlockType;
                                                  [01;35m[K~~~~~~~~~~~~~~~~~~~~~~~~~~~~~~^~~~~~~~~~~~[m[K
In file included from [01m[K/usr/include/eigen3/Eigen/Core:344:0[m[K,
                 from [01m[K/home/av2/catkin_ws/src/orb_slam3_ros/orb_slam3/Thirdparty/g2o/g2o/types/../core/jacobian_workspace.h:30[m[K,
                 from [01m[K/home/av2/catkin_ws/src/orb_slam3_ros/orb_slam3/Thirdparty/g2o/g2o/types/../core/optimizable_graph.h:41[m[K,
                 from [01m[K/home/av2/catkin_ws/src/orb_slam3_ros/orb_slam3/Thirdparty/g2o/g2o/types/../core/base_vertex.h:30[m[K,
                 from [01m[K/home/av2/catkin_ws/src/orb_slam3_ros/orb_slam3/Thirdparty/g2o/g2o/types/types_seven_dof_expmap.h:34[m[K,
                 from [01m[K/home/av2/catkin_ws/src/orb_slam3_ros/orb_slam3/Thirdparty/g2o/g2o/types/types_seven_dof_expmap.cpp:27[m[K:
[01m[K/usr/include/eigen3/Eigen/src/Core/util/Constants.h:162:37:[m[K [01;36m[Knote: [m[Kdeclared here
 EIGEN_DEPRECATED const unsigned int [01;36m[KAlignedBit[m[K = 0x80;
                                     [01;36m[K^~~~~~~~~~[m[K
In file included from [01m[K/home/av2/catkin_ws/src/orb_slam3_ros/orb_slam3/Thirdparty/g2o/g2o/types/types_seven_dof_expmap.h:35:0[m[K,
                 from [01m[K/home/av2/catkin_ws/src/orb_slam3_ros/orb_slam3/Thirdparty/g2o/g2o/types/types_seven_dof_expmap.cpp:27[m[K:
[01m[K/home/av2/catkin_ws/src/orb_slam3_ros/orb_slam3/Thirdparty/g2o/g2o/types/../core/base_binary_edge.h:60:80:[m[K [01;35m[Kwarning: [m[K‘[01m[KEigen::AlignedBit[m[K’ is deprecated [[01;35m[K-Wdeprecated-declarations[m[K]
       typedef Eigen::Map<Matrix<double, Dj, Di>, [01;35m[KMatrix<double, Dj, Di>::Flags & AlignedBit[m[K ? Aligned : Unaligned > HessianBlockTransposedType;
                                                  [01;35m[K~~~~~~~~~~~~~~~~~~~~~~~~~~~~~~^~~~~~~~~~~~[m[K
In file included from [01m[K/usr/include/eigen3/Eigen/Core:344:0[m[K,
                 from [01m[K/home/av2/catkin_ws/src/orb_slam3_ros/orb_slam3/Thirdparty/g2o/g2o/types/../core/jacobian_workspace.h:30[m[K,
                 from [01m[K/home/av2/catkin_ws/src/orb_slam3_ros/orb_slam3/Thirdparty/g2o/g2o/types/../core/optimizable_graph.h:41[m[K,
                 from [01m[K/home/av2/catkin_ws/src/orb_slam3_ros/orb_slam3/Thirdparty/g2o/g2o/types/../core/base_vertex.h:30[m[K,
                 from [01m[K/home/av2/catkin_ws/src/orb_slam3_ros/orb_slam3/Thirdparty/g2o/g2o/types/types_seven_dof_expmap.h:34[m[K,
                 from [01m[K/home/av2/catkin_ws/src/orb_slam3_ros/orb_slam3/Thirdparty/g2o/g2o/types/types_seven_dof_expmap.cpp:27[m[K:
[01m[K/usr/include/eigen3/Eigen/src/Core/util/Constants.h:162:37:[m[K [01;36m[Knote: [m[Kdeclared here
 EIGEN_DEPRECATED const unsigned int [01;36m[KAlignedBit[m[K = 0x80;
                                     [01;36m[K^~~~~~~~~~[m[K
In file included from [01m[K/home/av2/catkin_ws/src/orb_slam3_ros/orb_slam3/Thirdparty/g2o/g2o/types/types_seven_dof_expmap.h:35:0[m[K,
                 from [01m[K/home/av2/catkin_ws/src/orb_slam3_ros/orb_slam3/Thirdparty/g2o/g2o/types/types_seven_dof_expmap.cpp:27[m[K:
/home/av2/catkin_ws/src/orb_slam3_ros/orb_slam3/Thirdparty/g2o/g2o/types/../core/base_binary_edge.h: In instantiation of ‘[01m[Kclass g2o::BaseBinaryEdge<2, Eigen::Matrix<double, 2, 1>, g2o::VertexSBAPointXYZ, g2o::VertexSim3Expmap>[m[K’:
[01m[K/home/av2/catkin_ws/src/orb_slam3_ros/orb_slam3/Thirdparty/g2o/g2o/types/types_seven_dof_expmap.h:130:36:[m[K   required from here
[01m[K/home/av2/catkin_ws/src/orb_slam3_ros/orb_slam3/Thirdparty/g2o/g2o/types/../core/base_binary_edge.h:59:80:[m[K [01;35m[Kwarning: [m[K‘[01m[KEigen::AlignedBit[m[K’ is deprecated [[01;35m[K-Wdeprecated-declarations[m[K]
       typedef Eigen::Map<Matrix<double, Di, Dj>, [01;35m[KMatrix<double, Di, Dj>::Flags & AlignedBit[m[K ? Aligned : Unaligned > HessianBlockType;
                                                  [01;35m[K~~~~~~~~~~~~~~~~~~~~~~~~~~~~~~^~~~~~~~~~~~[m[K
In file included from [01m[K/usr/include/eigen3/Eigen/Core:344:0[m[K,
                 from [01m[K/home/av2/catkin_ws/src/orb_slam3_ros/orb_slam3/Thirdparty/g2o/g2o/types/../core/jacobian_workspace.h:30[m[K,
                 from [01m[K/home/av2/catkin_ws/src/orb_slam3_ros/orb_slam3/Thirdparty/g2o/g2o/types/../core/optimizable_graph.h:41[m[K,
                 from [01m[K/home/av2/catkin_ws/src/orb_slam3_ros/orb_slam3/Thirdparty/g2o/g2o/types/../core/base_vertex.h:30[m[K,
                 from [01m[K/home/av2/catkin_ws/src/orb_slam3_ros/orb_slam3/Thirdparty/g2o/g2o/types/types_seven_dof_expmap.h:34[m[K,
                 from [01m[K/home/av2/catkin_ws/src/orb_slam3_ros/orb_slam3/Thirdparty/g2o/g2o/types/types_seven_dof_expmap.cpp:27[m[K:
[01m[K/usr/include/eigen3/Eigen/src/Core/util/Constants.h:162:37:[m[K [01;36m[Knote: [m[Kdeclared here
 EIGEN_DEPRECATED const unsigned int [01;36m[KAlignedBit[m[K = 0x80;
                                     [01;36m[K^~~~~~~~~~[m[K
In file included from [01m[K/home/av2/catkin_ws/src/orb_slam3_ros/orb_slam3/Thirdparty/g2o/g2o/types/types_seven_dof_expmap.h:35:0[m[K,
                 from [01m[K/home/av2/catkin_ws/src/orb_slam3_ros/orb_slam3/Thirdparty/g2o/g2o/types/types_seven_dof_expmap.cpp:27[m[K:
[01m[K/home/av2/catkin_ws/src/orb_slam3_ros/orb_slam3/Thirdparty/g2o/g2o/types/../core/base_binary_edge.h:60:80:[m[K [01;35m[Kwarning: [m[K‘[01m[KEigen::AlignedBit[m[K’ is deprecated [[01;35m[K-Wdeprecated-declarations[m[K]
       typedef Eigen::Map<Matrix<double, Dj, Di>, [01;35m[KMatrix<double, Dj, Di>::Flags & AlignedBit[m[K ? Aligned : Unaligned > HessianBlockTransposedType;
                                                  [01;35m[K~~~~~~~~~~~~~~~~~~~~~~~~~~~~~~^~~~~~~~~~~~[m[K
In file included from [01m[K/usr/include/eigen3/Eigen/Core:344:0[m[K,
                 from [01m[K/home/av2/catkin_ws/src/orb_slam3_ros/orb_slam3/Thirdparty/g2o/g2o/types/../core/jacobian_workspace.h:30[m[K,
                 from [01m[K/home/av2/catkin_ws/src/orb_slam3_ros/orb_slam3/Thirdparty/g2o/g2o/types/../core/optimizable_graph.h:41[m[K,
                 from [01m[K/home/av2/catkin_ws/src/orb_slam3_ros/orb_slam3/Thirdparty/g2o/g2o/types/../core/base_vertex.h:30[m[K,
                 from [01m[K/home/av2/catkin_ws/src/orb_slam3_ros/orb_slam3/Thirdparty/g2o/g2o/types/types_seven_dof_expmap.h:34[m[K,
                 from [01m[K/home/av2/catkin_ws/src/orb_slam3_ros/orb_slam3/Thirdparty/g2o/g2o/types/types_seven_dof_expmap.cpp:27[m[K:
[01m[K/usr/include/eigen3/Eigen/src/Core/util/Constants.h:162:37:[m[K [01;36m[Knote: [m[Kdeclared here
 EIGEN_DEPRECATED const unsigned int [01;36m[KAlignedBit[m[K = 0x80;
                                     [01;36m[K^~~~~~~~~~[m[K
make: *** [all] Error 2
