[ 30%] Built target orb_slam3_ros
[ 36%] Built target DBoW2_1
[ 40%] Built target ros_mono_inertial
[ 40%] Built target _orb_slam3_ros_generate_messages_check_deps_SaveMap
[ 40%] Built target std_msgs_generate_messages_cpp
[ 40%] Built target std_msgs_generate_messages_py
[ 40%] Built target std_msgs_generate_messages_nodejs
[ 40%] Built target std_msgs_generate_messages_lisp
[ 40%] Built target std_msgs_generate_messages_eus
[ 43%] Built target ros_stereo
[ 46%] Built target ros_stereo_inertial
[ 50%] Built target ros_rgbd
[ 81%] Built target g2o
[ 84%] Built target ros_rgbl
[ 86%] Built target rgbl_kitti
[ 88%] Built target ros_rgbd_inertial
[ 92%] Built target ros_mono
[ 93%] Built target orb_slam3_ros_generate_messages_cpp
[ 95%] Built target orb_slam3_ros_generate_messages_py
[ 96%] Built target orb_slam3_ros_generate_messages_nodejs
[ 97%] Built target orb_slam3_ros_generate_messages_lisp
[100%] Built target orb_slam3_ros_generate_messages_eus
[100%] Built target orb_slam3_ros_generate_messages
